\BOOKMARK [0][]{chapter*.2}{Introduction}{}% 1
\BOOKMARK [0][]{chapter.1}{D\351finition du probl\350me d'optimisation}{}% 2
\BOOKMARK [1][]{section.1.1}{Entr\351e/sortie du programme d'optimisation}{chapter.1}% 3
\BOOKMARK [1][]{section.1.2}{Fonction objectif}{chapter.1}% 4
\BOOKMARK [2][]{subsection.1.2.1}{Fonction objectif globale agr\351gative}{section.1.2}% 5
\BOOKMARK [2][]{subsection.1.2.2}{Objectif 1}{section.1.2}% 6
\BOOKMARK [2][]{subsection.1.2.3}{Objectif 2}{section.1.2}% 7
\BOOKMARK [2][]{subsection.1.2.4}{Objectif 3}{section.1.2}% 8
\BOOKMARK [1][]{section.1.3}{D\351finition du probl\350me d'optimisation}{chapter.1}% 9
\BOOKMARK [0][]{chapter.2}{Approche d'optimisation}{}% 10
\BOOKMARK [1][]{section.2.1}{Strat\351gie d'optimisation}{chapter.2}% 11
\BOOKMARK [1][]{section.2.2}{Principe de la recherche locale}{chapter.2}% 12
\BOOKMARK [1][]{section.2.3}{Principe de l'algorithme m\351m\351tique}{chapter.2}% 13
\BOOKMARK [0][]{chapter.3}{Structures de donn\351es}{}% 14
\BOOKMARK [1][]{section.3.1}{Structure position}{chapter.3}% 15
\BOOKMARK [1][]{section.3.2}{Objet solution}{chapter.3}% 16
\BOOKMARK [0][]{chapter.4}{Op\351rateurs de base}{}% 17
\BOOKMARK [1][]{section.4.1}{Op\351rateur de mouvement}{chapter.4}% 18
\BOOKMARK [1][]{section.4.2}{Op\351rateur de swap}{chapter.4}% 19
\BOOKMARK [1][]{section.4.3}{Op\351rateur de construction initiale}{chapter.4}% 20
\BOOKMARK [1][]{section.4.4}{Op\351rateur de voisinage}{chapter.4}% 21
\BOOKMARK [0][]{chapter.5}{Algorithme m\351taheuristique}{}% 22
\BOOKMARK [1][]{section.5.1}{Recherche locale it\351r\351e}{chapter.5}% 23
\BOOKMARK [2][]{subsection.5.1.1}{Boucle externe}{section.5.1}% 24
\BOOKMARK [2][]{subsection.5.1.2}{Boucle de construction}{section.5.1}% 25
\BOOKMARK [2][]{subsection.5.1.3}{Boucle d'am\351lioration}{section.5.1}% 26
\BOOKMARK [3][]{subsubsection.5.1.3.1}{Recherche al\351atoire}{subsection.5.1.3}% 27
\BOOKMARK [3][]{subsubsection.5.1.3.2}{Recherche locale}{subsection.5.1.3}% 28
\BOOKMARK [1][]{section.5.2}{Algorithme \351volutionnaire et m\351m\351tique}{chapter.5}% 29
\BOOKMARK [2][]{subsection.5.2.1}{Algorithme}{section.5.2}% 30
\BOOKMARK [2][]{subsection.5.2.2}{Version m\351m\351tique}{section.5.2}% 31
\BOOKMARK [0][]{chapter.6}{Jeux de tests et \351valuation}{}% 32
\BOOKMARK [1][]{section.6.1}{Crit\350res d'\351valuation}{chapter.6}% 33
\BOOKMARK [1][]{section.6.2}{Test standard avec g\351n\351ration automatique}{chapter.6}% 34
\BOOKMARK [1][]{section.6.3}{Test standard cas r\351el}{chapter.6}% 35
\BOOKMARK [0][]{chapter*.3}{Conclusion}{}% 36
\BOOKMARK [0][]{chapter*.4}{Bibliography}{}% 37
